# JRE version: Java(TM) SE Runtime Environment (9.0+11) (build 9.0.1+11)
# Java VM: Java HotSpot(TM) 64-Bit Server VM (9.0.1+11, mixed mode, tiered, compressed oops, g1 gc, windows-amd64)
Heap:
 garbage-first heap   total 316416K, used 128763K [0x0000000091200000, 0x00000000913009a8, 0x0000000100000000)
  region size 1024K, 3 young (3072K), 3 survivors (3072K)
 Metaspace       used 55632K, capacity 59486K, committed 59548K, reserved 1101824K
  class space    used 7232K, capacity 8082K, committed 8092K, reserved 1048576K
GC Heap History (10 events):
Event: 34.649 GC heap after
{Heap after GC invocations=36 (full 0):
 garbage-first heap   total 140288K, used 106305K [0x0000000091200000, 0x0000000091300448, 0x0000000100000000)
  region size 1024K, 2 young (2048K), 2 survivors (2048K)
 Metaspace       used 53175K, capacity 56746K, committed 56860K, reserved 1097728K
  class space    used 6872K, capacity 7673K, committed 7708K, reserved 1048576K
}
Event: 34.759 GC heap before
{Heap before GC invocations=36 (full 0):
 garbage-first heap   total 140288K, used 118593K [0x0000000091200000, 0x0000000091300448, 0x0000000100000000)
  region size 1024K, 14 young (14336K), 2 survivors (2048K)
 Metaspace       used 53302K, capacity 56918K, committed 57116K, reserved 1099776K
  class space    used 6887K, capacity 7707K, committed 7708K, reserved 1048576K
}
Event: 34.767 GC heap after
{Heap after GC invocations=37 (full 0):
 garbage-first heap   total 186368K, used 106618K [0x0000000091200000, 0x00000000913005b0, 0x0000000100000000)
  region size 1024K, 2 young (2048K), 2 survivors (2048K)
 Metaspace       used 53302K, capacity 56918K, committed 57116K, reserved 1099776K
  class space    used 6887K, capacity 7707K, committed 7708K, reserved 1048576K
}
Event: 35.199 GC heap before
{Heap before GC invocations=38 (full 0):
 garbage-first heap   total 186368K, used 139386K [0x0000000091200000, 0x00000000913005b0, 0x0000000100000000)
  region size 1024K, 34 young (34816K), 2 survivors (2048K)
 Metaspace       used 53842K, capacity 57478K, committed 57756K, reserved 1099776K
  class space    used 6962K, capacity 7781K, committed 7836K, reserved 1048576K
}
Event: 35.209 GC heap after
{Heap after GC invocations=39 (full 0):
 garbage-first heap   total 186368K, used 108014K [0x0000000091200000, 0x00000000913005b0, 0x0000000100000000)
  region size 1024K, 3 young (3072K), 3 survivors (3072K)
 Metaspace       used 53842K, capacity 57478K, committed 57756K, reserved 1099776K
  class space    used 6962K, capacity 7781K, committed 7836K, reserved 1048576K
}
Event: 35.641 GC heap before
{Heap before GC invocations=39 (full 0):
 garbage-first heap   total 186368K, used 142830K [0x0000000091200000, 0x00000000913005b0, 0x0000000100000000)
  region size 1024K, 37 young (37888K), 3 survivors (3072K)
 Metaspace       used 54796K, capacity 58514K, committed 58652K, reserved 1099776K
  class space    used 7108K, capacity 7935K, committed 7964K, reserved 1048576K
}
Event: 35.653 GC heap after
{Heap after GC invocations=40 (full 0):
 garbage-first heap   total 186368K, used 109597K [0x0000000091200000, 0x00000000913005b0, 0x0000000100000000)
  region size 1024K, 4 young (4096K), 4 survivors (4096K)
 Metaspace       used 54796K, capacity 58514K, committed 58652K, reserved 1099776K
  class space    used 7108K, capacity 7935K, committed 7964K, reserved 1048576K
}
Event: 36.089 GC heap before
{Heap before GC invocations=41 (full 0):
 garbage-first heap   total 186368K, used 162845K [0x0000000091200000, 0x00000000913005b0, 0x0000000100000000)
  region size 1024K, 39 young (39936K), 4 survivors (4096K)
 Metaspace       used 55116K, capacity 58864K, committed 59036K, reserved 1099776K
  class space    used 7155K, capacity 7988K, committed 8092K, reserved 1048576K
}
Event: 36.102 GC heap after
{Heap after GC invocations=42 (full 0):
 garbage-first heap   total 186368K, used 127928K [0x0000000091200000, 0x00000000913005b0, 0x0000000100000000)
  region size 1024K, 3 young (3072K), 3 survivors (3072K)
 Metaspace       used 55116K, capacity 58864K, committed 59036K, reserved 1099776K
  class space    used 7155K, capacity 7988K, committed 8092K, reserved 1048576K
}
Event: 36.382 GC heap before
{Heap before GC invocations=42 (full 0):
 garbage-first heap   total 186368K, used 154552K [0x0000000091200000, 0x00000000913005b0, 0x0000000100000000)
  region size 1024K, 29 young (29696K), 3 survivors (3072K)
 Metaspace       used 55632K, capacity 59486K, committed 59548K, reserved 1101824K
  class space    used 7232K, capacity 8082K, committed 8092K, reserved 1048576K
}

