# JRE version: Java(TM) SE Runtime Environment (9.0+11) (build 9.0.1+11)
# Java VM: Java HotSpot(TM) 64-Bit Server VM (9.0.1+11, mixed mode, tiered, compressed oops, g1 gc, windows-amd64)
Heap:
 garbage-first heap   total 297984K, used 193093K [0x0000000091200000, 0x0000000091300918, 0x0000000100000000)
  region size 1024K, 9 young (9216K), 2 survivors (2048K)
 Metaspace       used 64174K, capacity 68474K, committed 68684K, reserved 1107968K
  class space    used 8340K, capacity 9214K, committed 9292K, reserved 1048576K
GC Heap History (10 events):
Event: 44.294 GC heap before
{Heap before GC invocations=39 (full 0):
 garbage-first heap   total 247808K, used 167570K [0x0000000091200000, 0x0000000091300790, 0x0000000100000000)
  region size 1024K, 43 young (44032K), 4 survivors (4096K)
 Metaspace       used 56595K, capacity 60584K, committed 60748K, reserved 1101824K
  class space    used 7296K, capacity 8159K, committed 8268K, reserved 1048576K
}
Event: 44.312 GC heap after
{Heap after GC invocations=40 (full 0):
 garbage-first heap   total 247808K, used 129656K [0x0000000091200000, 0x0000000091300790, 0x0000000100000000)
  region size 1024K, 5 young (5120K), 5 survivors (5120K)
 Metaspace       used 56595K, capacity 60584K, committed 60748K, reserved 1101824K
  class space    used 7296K, capacity 8159K, committed 8268K, reserved 1048576K
}
Event: 48.283 GC heap before
{Heap before GC invocations=41 (full 0):
 garbage-first heap   total 247808K, used 209528K [0x0000000091200000, 0x0000000091300790, 0x0000000100000000)
  region size 1024K, 66 young (67584K), 5 survivors (5120K)
 Metaspace       used 58581K, capacity 62726K, committed 63052K, reserved 1103872K
  class space    used 7561K, capacity 8422K, committed 8524K, reserved 1048576K
}
Event: 48.304 GC heap after
{Heap after GC invocations=42 (full 0):
 garbage-first heap   total 247808K, used 151454K [0x0000000091200000, 0x0000000091300790, 0x0000000100000000)
  region size 1024K, 9 young (9216K), 9 survivors (9216K)
 Metaspace       used 58581K, capacity 62726K, committed 63052K, reserved 1103872K
  class space    used 7561K, capacity 8422K, committed 8524K, reserved 1048576K
}
Event: 49.284 GC heap before
{Heap before GC invocations=42 (full 0):
 garbage-first heap   total 247808K, used 201630K [0x0000000091200000, 0x0000000091300790, 0x0000000100000000)
  region size 1024K, 58 young (59392K), 9 survivors (9216K)
 Metaspace       used 61310K, capacity 65530K, committed 65740K, reserved 1105920K
  class space    used 7952K, capacity 8854K, committed 8908K, reserved 1048576K
}
Event: 49.310 GC heap after
{Heap after GC invocations=43 (full 0):
 garbage-first heap   total 297984K, used 153963K [0x0000000091200000, 0x0000000091300918, 0x0000000100000000)
  region size 1024K, 4 young (4096K), 4 survivors (4096K)
 Metaspace       used 61310K, capacity 65530K, committed 65740K, reserved 1105920K
  class space    used 7952K, capacity 8854K, committed 8908K, reserved 1048576K
}
Event: 69.415 GC heap before
{Heap before GC invocations=44 (full 0):
 garbage-first heap   total 297984K, used 194923K [0x0000000091200000, 0x0000000091300918, 0x0000000100000000)
  region size 1024K, 45 young (46080K), 4 survivors (4096K)
 Metaspace       used 63585K, capacity 67792K, committed 68172K, reserved 1107968K
  class space    used 8272K, capacity 9165K, committed 9292K, reserved 1048576K
}
Event: 69.434 GC heap after
{Heap after GC invocations=45 (full 0):
 garbage-first heap   total 297984K, used 154279K [0x0000000091200000, 0x0000000091300918, 0x0000000100000000)
  region size 1024K, 4 young (4096K), 4 survivors (4096K)
 Metaspace       used 63585K, capacity 67792K, committed 68172K, reserved 1107968K
  class space    used 8272K, capacity 9165K, committed 9292K, reserved 1048576K
}
Event: 74.477 GC heap before
{Heap before GC invocations=46 (full 0):
 garbage-first heap   total 297984K, used 172711K [0x0000000091200000, 0x0000000091300918, 0x0000000100000000)
  region size 1024K, 6 young (6144K), 4 survivors (4096K)
 Metaspace       used 63589K, capacity 67792K, committed 68172K, reserved 1107968K
  class space    used 8273K, capacity 9165K, committed 9292K, reserved 1048576K
}
Event: 74.494 GC heap after
{Heap after GC invocations=47 (full 0):
 garbage-first heap   total 297984K, used 169541K [0x0000000091200000, 0x0000000091300918, 0x0000000100000000)
  region size 1024K, 2 young (2048K), 2 survivors (2048K)
 Metaspace       used 63589K, capacity 67792K, committed 68172K, reserved 1107968K
  class space    used 8273K, capacity 9165K, committed 9292K, reserved 1048576K
}

